<?xml version="1.0" encoding="UTF-8"?>
<!-- Generated by org.testng.reporters.JUnitXMLReporter -->
<testsuite hostname="Ashan" ignored="0" name="Test" tests="5" failures="0" timestamp="2020-10-25T17:02:01 IST" time="8.844" errors="0">
  <testcase name="test_getAllVideoGames" time="3.826" classname="testCases.TC_VideoGameAPI"/>
  <testcase name="test_addNewVideoGame" time="0.525" classname="testCases.TC_VideoGameAPI"/>
  <testcase name="test_getVideoGame" time="1.182" classname="testCases.TC_VideoGameAPI"/>
  <testcase name="test_UpdateVideoGame" time="0.122" classname="testCases.TC_VideoGameAPI"/>
  <testcase name="test_DeleteVideoGame" time="3.047" classname="testCases.TC_VideoGameAPI"/>
</testsuite> <!-- Test -->
