<?xml version="1.0" encoding="UTF-8"?>
<!-- Generated by org.testng.reporters.JUnitXMLReporter -->
<testsuite hostname="Ashan" ignored="0" name="Default test" tests="10" failures="0" timestamp="2020-10-25T17:37:34 IST" time="4.795" errors="0">
  <testcase name="test_addNewVideoGame" time="2.242" classname="testCases.TC_008_DataDrivenTest_Login_with_Fillo_Data_Provider"/>
  <testcase name="test_addNewVideoGame" time="0.032" classname="testCases.TC_008_DataDrivenTest_Login_with_Fillo_Data_Provider"/>
  <testcase name="test_addNewVideoGame" time="0.109" classname="testCases.TC_008_DataDrivenTest_Login_with_Fillo_Data_Provider"/>
  <testcase name="test_addNewVideoGame" time="0.031" classname="testCases.TC_008_DataDrivenTest_Login_with_Fillo_Data_Provider"/>
  <testcase name="test_addNewVideoGame" time="0.032" classname="testCases.TC_008_DataDrivenTest_Login_with_Fillo_Data_Provider"/>
  <testcase name="test_getVideoGame" time="1.079" classname="testCases.TC_008_DataDrivenTest_Login_with_Fillo_Data_Provider"/>
  <testcase name="test_getVideoGame" time="0.077" classname="testCases.TC_008_DataDrivenTest_Login_with_Fillo_Data_Provider"/>
  <testcase name="test_getVideoGame" time="0.078" classname="testCases.TC_008_DataDrivenTest_Login_with_Fillo_Data_Provider"/>
  <testcase name="test_getVideoGame" time="0.109" classname="testCases.TC_008_DataDrivenTest_Login_with_Fillo_Data_Provider"/>
  <testcase name="test_getVideoGame" time="0.125" classname="testCases.TC_008_DataDrivenTest_Login_with_Fillo_Data_Provider"/>
</testsuite> <!-- Default test -->
