<?xml version="1.0" encoding="UTF-8"?>
<!-- Generated by org.testng.reporters.JUnitXMLReporter -->
<testsuite hostname="Ashan" ignored="0" name="Test" tests="5" failures="0" timestamp="2020-10-25T17:06:11 IST" time="7.476" errors="0">
  <testcase name="test_getAllVideoGames" time="2.563" classname="testCases.TC_VideoGameAPI"/>
  <testcase name="test_addNewVideoGame" time="0.538" classname="testCases.TC_VideoGameAPI"/>
  <testcase name="test_getVideoGame" time="1.125" classname="testCases.TC_VideoGameAPI"/>
  <testcase name="test_UpdateVideoGame" time="0.119" classname="testCases.TC_VideoGameAPI"/>
  <testcase name="test_DeleteVideoGame" time="3.069" classname="testCases.TC_VideoGameAPI"/>
</testsuite> <!-- Test -->
