<?xml version="1.0" encoding="UTF-8"?>
<testng-results skipped="0" failed="0" ignored="0" total="10" passed="10">
  <reporter-output>
  </reporter-output>
  <suite name="Default suite" duration-ms="4795" started-at="2020-10-25T17:37:29 IST" finished-at="2020-10-25T17:37:34 IST">
    <groups>
    </groups>
    <test name="Default test" duration-ms="4795" started-at="2020-10-25T17:37:29 IST" finished-at="2020-10-25T17:37:34 IST">
      <class name="testCases.TC_008_DataDrivenTest_Login_with_Fillo_Data_Provider">
        <test-method status="PASS" signature="test_addNewVideoGame(java.lang.String, java.lang.String, java.lang.String, java.lang.String, java.lang.String, java.lang.String)[pri:1, instance:testCases.TC_008_DataDrivenTest_Login_with_Fillo_Data_Provider@4d41cee]" name="test_addNewVideoGame" duration-ms="2242" started-at="2020-10-25T17:37:29 IST" data-provider="Data" finished-at="2020-10-25T17:37:32 IST">
          <params>
            <param index="0">
              <value>
                <![CDATA[101]]>
              </value>
            </param>
            <param index="1">
              <value>
                <![CDATA[Hide-and-seek]]>
              </value>
            </param>
            <param index="2">
              <value>
                <![CDATA[2019-09-20T08:55:58.510Z]]>
              </value>
            </param>
            <param index="3">
              <value>
                <![CDATA[4]]>
              </value>
            </param>
            <param index="4">
              <value>
                <![CDATA[Adventure]]>
              </value>
            </param>
            <param index="5">
              <value>
                <![CDATA[Universal]]>
              </value>
            </param>
          </params>
          <reporter-output>
          </reporter-output>
        </test-method> <!-- test_addNewVideoGame -->
        <test-method status="PASS" signature="test_addNewVideoGame(java.lang.String, java.lang.String, java.lang.String, java.lang.String, java.lang.String, java.lang.String)[pri:1, instance:testCases.TC_008_DataDrivenTest_Login_with_Fillo_Data_Provider@4d41cee]" name="test_addNewVideoGame" duration-ms="32" started-at="2020-10-25T17:37:32 IST" data-provider="Data" finished-at="2020-10-25T17:37:32 IST">
          <params>
            <param index="0">
              <value>
                <![CDATA[102]]>
              </value>
            </param>
            <param index="1">
              <value>
                <![CDATA[Musical chairs]]>
              </value>
            </param>
            <param index="2">
              <value>
                <![CDATA[2019-09-20T08:55:58.510Z]]>
              </value>
            </param>
            <param index="3">
              <value>
                <![CDATA[3]]>
              </value>
            </param>
            <param index="4">
              <value>
                <![CDATA[Adventure]]>
              </value>
            </param>
            <param index="5">
              <value>
                <![CDATA[Universal]]>
              </value>
            </param>
          </params>
          <reporter-output>
          </reporter-output>
        </test-method> <!-- test_addNewVideoGame -->
        <test-method status="PASS" signature="test_addNewVideoGame(java.lang.String, java.lang.String, java.lang.String, java.lang.String, java.lang.String, java.lang.String)[pri:1, instance:testCases.TC_008_DataDrivenTest_Login_with_Fillo_Data_Provider@4d41cee]" name="test_addNewVideoGame" duration-ms="109" started-at="2020-10-25T17:37:32 IST" data-provider="Data" finished-at="2020-10-25T17:37:32 IST">
          <params>
            <param index="0">
              <value>
                <![CDATA[103]]>
              </value>
            </param>
            <param index="1">
              <value>
                <![CDATA[Charades]]>
              </value>
            </param>
            <param index="2">
              <value>
                <![CDATA[2019-09-20T08:55:58.510Z]]>
              </value>
            </param>
            <param index="3">
              <value>
                <![CDATA[4]]>
              </value>
            </param>
            <param index="4">
              <value>
                <![CDATA[Adventure]]>
              </value>
            </param>
            <param index="5">
              <value>
                <![CDATA[Universal]]>
              </value>
            </param>
          </params>
          <reporter-output>
          </reporter-output>
        </test-method> <!-- test_addNewVideoGame -->
        <test-method status="PASS" signature="test_addNewVideoGame(java.lang.String, java.lang.String, java.lang.String, java.lang.String, java.lang.String, java.lang.String)[pri:1, instance:testCases.TC_008_DataDrivenTest_Login_with_Fillo_Data_Provider@4d41cee]" name="test_addNewVideoGame" duration-ms="31" started-at="2020-10-25T17:37:32 IST" data-provider="Data" finished-at="2020-10-25T17:37:32 IST">
          <params>
            <param index="0">
              <value>
                <![CDATA[104]]>
              </value>
            </param>
            <param index="1">
              <value>
                <![CDATA[Pictionary]]>
              </value>
            </param>
            <param index="2">
              <value>
                <![CDATA[2019-09-20T08:55:58.510Z]]>
              </value>
            </param>
            <param index="3">
              <value>
                <![CDATA[5]]>
              </value>
            </param>
            <param index="4">
              <value>
                <![CDATA[Adventure]]>
              </value>
            </param>
            <param index="5">
              <value>
                <![CDATA[Universal]]>
              </value>
            </param>
          </params>
          <reporter-output>
          </reporter-output>
        </test-method> <!-- test_addNewVideoGame -->
        <test-method status="PASS" signature="test_addNewVideoGame(java.lang.String, java.lang.String, java.lang.String, java.lang.String, java.lang.String, java.lang.String)[pri:1, instance:testCases.TC_008_DataDrivenTest_Login_with_Fillo_Data_Provider@4d41cee]" name="test_addNewVideoGame" duration-ms="32" started-at="2020-10-25T17:37:32 IST" data-provider="Data" finished-at="2020-10-25T17:37:32 IST">
          <params>
            <param index="0">
              <value>
                <![CDATA[105]]>
              </value>
            </param>
            <param index="1">
              <value>
                <![CDATA[Spider-Man]]>
              </value>
            </param>
            <param index="2">
              <value>
                <![CDATA[2019-09-20T08:55:58.510Z]]>
              </value>
            </param>
            <param index="3">
              <value>
                <![CDATA[5]]>
              </value>
            </param>
            <param index="4">
              <value>
                <![CDATA[Adventure]]>
              </value>
            </param>
            <param index="5">
              <value>
                <![CDATA[Universal]]>
              </value>
            </param>
          </params>
          <reporter-output>
          </reporter-output>
        </test-method> <!-- test_addNewVideoGame -->
        <test-method status="PASS" signature="test_getVideoGame(java.lang.String, java.lang.String, java.lang.String, java.lang.String, java.lang.String, java.lang.String)[pri:2, instance:testCases.TC_008_DataDrivenTest_Login_with_Fillo_Data_Provider@4d41cee]" name="test_getVideoGame" duration-ms="1079" started-at="2020-10-25T17:37:32 IST" data-provider="Data" finished-at="2020-10-25T17:37:33 IST">
          <params>
            <param index="0">
              <value>
                <![CDATA[101]]>
              </value>
            </param>
            <param index="1">
              <value>
                <![CDATA[Hide-and-seek]]>
              </value>
            </param>
            <param index="2">
              <value>
                <![CDATA[2019-09-20T08:55:58.510Z]]>
              </value>
            </param>
            <param index="3">
              <value>
                <![CDATA[4]]>
              </value>
            </param>
            <param index="4">
              <value>
                <![CDATA[Adventure]]>
              </value>
            </param>
            <param index="5">
              <value>
                <![CDATA[Universal]]>
              </value>
            </param>
          </params>
          <reporter-output>
          </reporter-output>
        </test-method> <!-- test_getVideoGame -->
        <test-method status="PASS" signature="test_getVideoGame(java.lang.String, java.lang.String, java.lang.String, java.lang.String, java.lang.String, java.lang.String)[pri:2, instance:testCases.TC_008_DataDrivenTest_Login_with_Fillo_Data_Provider@4d41cee]" name="test_getVideoGame" duration-ms="77" started-at="2020-10-25T17:37:33 IST" data-provider="Data" finished-at="2020-10-25T17:37:33 IST">
          <params>
            <param index="0">
              <value>
                <![CDATA[102]]>
              </value>
            </param>
            <param index="1">
              <value>
                <![CDATA[Musical chairs]]>
              </value>
            </param>
            <param index="2">
              <value>
                <![CDATA[2019-09-20T08:55:58.510Z]]>
              </value>
            </param>
            <param index="3">
              <value>
                <![CDATA[3]]>
              </value>
            </param>
            <param index="4">
              <value>
                <![CDATA[Adventure]]>
              </value>
            </param>
            <param index="5">
              <value>
                <![CDATA[Universal]]>
              </value>
            </param>
          </params>
          <reporter-output>
          </reporter-output>
        </test-method> <!-- test_getVideoGame -->
        <test-method status="PASS" signature="test_getVideoGame(java.lang.String, java.lang.String, java.lang.String, java.lang.String, java.lang.String, java.lang.String)[pri:2, instance:testCases.TC_008_DataDrivenTest_Login_with_Fillo_Data_Provider@4d41cee]" name="test_getVideoGame" duration-ms="78" started-at="2020-10-25T17:37:33 IST" data-provider="Data" finished-at="2020-10-25T17:37:33 IST">
          <params>
            <param index="0">
              <value>
                <![CDATA[103]]>
              </value>
            </param>
            <param index="1">
              <value>
                <![CDATA[Charades]]>
              </value>
            </param>
            <param index="2">
              <value>
                <![CDATA[2019-09-20T08:55:58.510Z]]>
              </value>
            </param>
            <param index="3">
              <value>
                <![CDATA[4]]>
              </value>
            </param>
            <param index="4">
              <value>
                <![CDATA[Adventure]]>
              </value>
            </param>
            <param index="5">
              <value>
                <![CDATA[Universal]]>
              </value>
            </param>
          </params>
          <reporter-output>
          </reporter-output>
        </test-method> <!-- test_getVideoGame -->
        <test-method status="PASS" signature="test_getVideoGame(java.lang.String, java.lang.String, java.lang.String, java.lang.String, java.lang.String, java.lang.String)[pri:2, instance:testCases.TC_008_DataDrivenTest_Login_with_Fillo_Data_Provider@4d41cee]" name="test_getVideoGame" duration-ms="109" started-at="2020-10-25T17:37:33 IST" data-provider="Data" finished-at="2020-10-25T17:37:33 IST">
          <params>
            <param index="0">
              <value>
                <![CDATA[104]]>
              </value>
            </param>
            <param index="1">
              <value>
                <![CDATA[Pictionary]]>
              </value>
            </param>
            <param index="2">
              <value>
                <![CDATA[2019-09-20T08:55:58.510Z]]>
              </value>
            </param>
            <param index="3">
              <value>
                <![CDATA[5]]>
              </value>
            </param>
            <param index="4">
              <value>
                <![CDATA[Adventure]]>
              </value>
            </param>
            <param index="5">
              <value>
                <![CDATA[Universal]]>
              </value>
            </param>
          </params>
          <reporter-output>
          </reporter-output>
        </test-method> <!-- test_getVideoGame -->
        <test-method status="PASS" signature="test_getVideoGame(java.lang.String, java.lang.String, java.lang.String, java.lang.String, java.lang.String, java.lang.String)[pri:2, instance:testCases.TC_008_DataDrivenTest_Login_with_Fillo_Data_Provider@4d41cee]" name="test_getVideoGame" duration-ms="125" started-at="2020-10-25T17:37:33 IST" data-provider="Data" finished-at="2020-10-25T17:37:33 IST">
          <params>
            <param index="0">
              <value>
                <![CDATA[105]]>
              </value>
            </param>
            <param index="1">
              <value>
                <![CDATA[Spider-Man]]>
              </value>
            </param>
            <param index="2">
              <value>
                <![CDATA[2019-09-20T08:55:58.510Z]]>
              </value>
            </param>
            <param index="3">
              <value>
                <![CDATA[5]]>
              </value>
            </param>
            <param index="4">
              <value>
                <![CDATA[Adventure]]>
              </value>
            </param>
            <param index="5">
              <value>
                <![CDATA[Universal]]>
              </value>
            </param>
          </params>
          <reporter-output>
          </reporter-output>
        </test-method> <!-- test_getVideoGame -->
      </class> <!-- testCases.TC_008_DataDrivenTest_Login_with_Fillo_Data_Provider -->
    </test> <!-- Default test -->
  </suite> <!-- Default suite -->
</testng-results>
